[09:02:09] [Server thread/INFO]: Starting minecraft server version 1.7.4
[09:02:09] [Server thread/INFO]: Loading properties
[09:02:09] [Server thread/INFO]: Default game type: SURVIVAL
[09:02:09] [Server thread/INFO]: Generating keypair
[09:02:09] [Server thread/INFO]: Starting Minecraft server on *:25565
[09:02:09] [Server thread/INFO]: Preparing level "tuborg"
[09:02:09] [Server thread/INFO]: Preparing start region for level 0
[09:02:10] [Server thread/INFO]: Preparing spawn area: 75%
[09:02:10] [Server thread/INFO]: Done (1.304s)! For help, type "help" or "?"
[18:07:51] [User Authenticator #1/INFO]: UUID of player ndrwhr is 09c4957cf970415cbd47e2c27c8c2812
[18:07:51] [Server thread/INFO]: ndrwhr[/24.7.59.135:43405] logged in with entity id 166 at (-47.14861842137228, 70.5625, 69.30000001192093)
[18:07:51] [Server thread/INFO]: ndrwhr joined the game
[18:07:56] [Server thread/WARN]: Can't keep up! Did the system time change, or is the server overloaded? Running 2099ms behind, skipping 41 tick(s)
[18:07:59] [Server thread/INFO]: ndrwhr lost connection: TextComponent{text='Disconnected', siblings=[], style=Style{hasParent=false, color=null, bold=null, italic=null, underlined=null, obfuscated=null, clickEvent=null, hoverEvent=null}}
[18:07:59] [Server thread/INFO]: ndrwhr left the game
[18:08:03] [User Authenticator #2/INFO]: UUID of player ndrwhr is 09c4957cf970415cbd47e2c27c8c2812
[18:08:03] [Server thread/INFO]: ndrwhr[/24.7.59.135:33868] logged in with entity id 621 at (-49.37081256281796, 70.0, 69.30000001192093)
[18:08:03] [Server thread/INFO]: ndrwhr joined the game
[18:08:46] [Server thread/INFO]: --- Showing help page 1 of 7 (/help <page>) ---
[18:08:46] [Server thread/INFO]: /achievement give <stat_name> [player]
[18:08:46] [Server thread/INFO]: /ban <name> [reason ...]
[18:08:46] [Server thread/INFO]: /ban-ip <address|name> [reason ...]
[18:08:46] [Server thread/INFO]: /banlist [ips|players]
[18:08:46] [Server thread/INFO]: /clear <player> [item] [data]
[18:08:46] [Server thread/INFO]: /debug <start|stop>
[18:08:46] [Server thread/INFO]: /defaultgamemode <mode>
[18:09:00] [Server thread/INFO]: Unknown command. Try /help for a list of commands
[18:09:02] [Server thread/INFO]: Usage: /give <player> <item> [amount] [data] [dataTag]
[18:10:50] [Server thread/INFO]: There is no such item with ID "Diamond
[18:11:21] [Server thread/INFO]: Unknown command. Try /help for a list of commands
[18:11:28] [Server thread/INFO]: Warning: Using numeric IDs will not be supported in the future. Please use names, such as 'minecraft:diamond_pickaxe'
[18:11:28] [Server thread/INFO]: Given [Diamond Pickaxe] * 1 to ndrwhr
[18:12:25] [Server thread/INFO]: ndrwhr lost connection: TextComponent{text='Disconnected', siblings=[], style=Style{hasParent=false, color=null, bold=null, italic=null, underlined=null, obfuscated=null, clickEvent=null, hoverEvent=null}}
[18:12:25] [Server thread/INFO]: ndrwhr left the game
[18:13:10] [User Authenticator #3/INFO]: UUID of player ndrwhr is 09c4957cf970415cbd47e2c27c8c2812
[18:13:10] [Server thread/INFO]: ndrwhr[/24.7.59.135:45367] logged in with entity id 5289 at (-41.882487872264264, 70.0, 79.60940134021942)
[18:13:10] [Server thread/INFO]: ndrwhr joined the game
[18:59:37] [Server thread/INFO]: Given [Stone] * 64 to ndrwhr
[19:08:02] [Server thread/INFO]: ndrwhr lost connection: TextComponent{text='Disconnected', siblings=[], style=Style{hasParent=false, color=null, bold=null, italic=null, underlined=null, obfuscated=null, clickEvent=null, hoverEvent=null}}
[19:08:02] [Server thread/INFO]: ndrwhr left the game
[20:27:56] [User Authenticator #4/INFO]: UUID of player ndrwhr is 09c4957cf970415cbd47e2c27c8c2812
[20:27:56] [Server thread/INFO]: ndrwhr[/24.7.59.135:48361] logged in with entity id 73799 at (-48.5, 70.0, 69.5)
[20:27:56] [Server thread/INFO]: ndrwhr joined the game
[20:42:08] [Server thread/INFO]: Given [Torch] * 64 to ndrwhr
[21:00:53] [Server thread/INFO]: Given [Rail] * 64 to ndrwhr
[21:01:55] [Server thread/INFO]: That player cannot be found
[21:02:07] [Server thread/INFO]: Given [Rail] * 64 to ndrwhr
[21:03:41] [Server thread/INFO]: Given [Minecart] * 2 to ndrwhr
[21:15:31] [Server thread/INFO]: ndrwhr lost connection: TextComponent{text='Disconnected', siblings=[], style=Style{hasParent=false, color=null, bold=null, italic=null, underlined=null, obfuscated=null, clickEvent=null, hoverEvent=null}}
[21:15:31] [Server thread/INFO]: ndrwhr left the game
[21:15:35] [Server Shutdown Thread/INFO]: Stopping server
